2021-04-19 12:15:46,578 INFO TestTitle [main] Драйвер поднят
2021-04-19 12:15:46,580 INFO TestTitle [main] Test start!
2021-04-19 12:15:48,932 INFO TestTitle [main] Драйвер поднят
2021-04-19 12:15:52,245 INFO TestTitle [main] Site OTUS open
2021-04-19 12:15:52,250 INFO TestTitle [main] Title good
2021-06-29 18:03:47,737 INFO c.OtusPersonalInformation [main] Драйвер поднят
2021-06-29 18:05:16,411 INFO c.OtusPersonalInformation [main] Драйвер поднят
2021-06-29 18:10:54,092 INFO c.OtusPersonalInformation [main] Драйвер поднят
2021-06-29 18:16:41,366 INFO c.OtusPersonalInformation [main] Драйвер поднят
2021-06-29 18:18:31,534 INFO c.OtusPersonalInformation [main] Драйвер поднят
2021-06-29 18:20:02,590 INFO c.OtusPersonalInformation [main] Драйвер поднят
2021-06-29 18:23:22,606 INFO c.OtusPersonalInformation [main] Драйвер поднят
2021-06-29 18:23:27,812 INFO c.OtusPersonalInformation [main] Авторизация прошла успешно
2021-06-29 18:23:32,329 INFO c.OtusPersonalInformation [main] Переход в личный кабинет
2021-06-29 18:25:00,452 INFO c.OtusPersonalInformation [main] Драйвер поднят
2021-06-29 18:25:04,830 INFO c.OtusPersonalInformation [main] Авторизация прошла успешно
2021-06-29 18:25:09,672 INFO c.OtusPersonalInformation [main] Переход в личный кабинет
2021-06-29 18:25:13,073 INFO c.OtusPersonalInformation [main] Внесенные изменения сохранены
2021-06-30 14:14:22,236 INFO c.OtusPersonalInformation [main] Драйвер поднят
2021-06-30 14:14:29,908 INFO c.OtusPersonalInformation [main] Авторизация прошла успешно
2021-06-30 14:14:36,895 INFO c.OtusPersonalInformation [main] Переход в личный кабинет
2021-06-30 14:14:41,020 INFO c.OtusPersonalInformation [main] Внесенные изменения сохранены
2021-06-30 14:14:43,339 INFO c.OtusPersonalInformation [main] Драйвер поднят
2021-06-30 14:39:12,023 INFO c.OtusPersonalInformation [main] Драйвер поднят
2021-06-30 14:39:17,580 INFO c.OtusPersonalInformation [main] Авторизация прошла успешно
2021-06-30 14:39:21,088 INFO c.OtusPersonalInformation [main] Переход в личный кабинет
2021-06-30 14:39:24,534 INFO c.OtusPersonalInformation [main] Внесенные изменения сохранены
2021-06-30 14:39:24,639 INFO c.OtusPersonalInformation [main] Драйвер поднят
2021-06-30 14:39:27,278 INFO c.OtusPersonalInformation [main] Авторизация прошла успешно
2021-06-30 14:39:31,923 INFO c.OtusPersonalInformation [main] Переход в личный кабинет
2021-06-30 14:45:12,601 INFO c.OtusPersonalInformation [main] Драйвер поднят
2021-06-30 14:45:16,487 INFO c.OtusPersonalInformation [main] Авторизация прошла успешно
2021-06-30 14:45:21,239 INFO c.OtusPersonalInformation [main] Переход в личный кабинет
2021-06-30 14:45:26,326 INFO c.OtusPersonalInformation [main] Внесенные изменения сохранены
2021-06-30 14:45:26,412 INFO c.OtusPersonalInformation [main] Драйвер поднят
2021-06-30 14:45:30,101 INFO c.OtusPersonalInformation [main] Авторизация прошла успешно
2021-06-30 14:45:33,805 INFO c.OtusPersonalInformation [main] Переход в личный кабинет
2021-06-30 14:49:01,947 INFO c.OtusPersonalInformation [main] Драйвер поднят
2021-06-30 14:49:43,419 INFO c.OtusPersonalInformation [main] Драйвер поднят
2021-06-30 14:50:17,184 INFO c.OtusPersonalInformation [main] Драйвер поднят
2021-06-30 14:51:16,720 INFO c.OtusPersonalInformation [main] Драйвер поднят
2021-06-30 14:51:35,216 INFO c.OtusPersonalInformation [main] Авторизация прошла успешно
2021-06-30 14:52:08,059 INFO c.OtusPersonalInformation [main] Переход в личный кабинет
2021-06-30 14:52:27,512 INFO c.OtusPersonalInformation [main] Внесенные изменения сохранены
2021-06-30 14:52:27,662 INFO c.OtusPersonalInformation [main] Драйвер поднят
2021-06-30 14:52:46,310 INFO c.OtusPersonalInformation [main] Авторизация прошла успешно
2021-06-30 14:53:18,909 INFO c.OtusPersonalInformation [main] Переход в личный кабинет
2021-07-02 20:45:21,772 INFO c.OtusPersonalInformation [main] Драйвер поднят
2021-07-02 20:45:28,172 INFO c.OtusPersonalInformation [main] Авторизация прошла успешно
2021-07-02 20:45:32,048 INFO c.OtusPersonalInformation [main] Переход в личный кабинет
2021-07-02 20:45:36,084 INFO c.OtusPersonalInformation [main] Внесенные изменения сохранены
2021-07-02 20:45:37,443 INFO c.OtusPersonalInformation [main] Драйвер поднят
2021-07-02 20:46:05,921 INFO c.OtusPersonalInformation [main] Драйвер поднят
2021-07-02 20:46:10,528 INFO c.OtusPersonalInformation [main] Авторизация прошла успешно
2021-07-02 20:46:14,250 INFO c.OtusPersonalInformation [main] Переход в личный кабинет
2021-07-02 20:48:23,620 INFO c.OtusPersonalInformation [main] Драйвер поднят
2021-07-02 20:48:28,404 INFO c.OtusPersonalInformation [main] Авторизация прошла успешно
2021-07-02 20:48:31,795 INFO c.OtusPersonalInformation [main] Переход в личный кабинет
2021-07-02 20:48:36,479 INFO c.OtusPersonalInformation [main] Внесенные изменения сохранены
2021-07-02 20:48:38,189 INFO c.OtusPersonalInformation [main] Драйвер поднят
2021-07-02 20:49:26,931 INFO c.OtusPersonalInformation [main] Драйвер поднят
2021-07-02 20:49:33,303 INFO c.OtusPersonalInformation [main] Авторизация прошла успешно
2021-07-02 20:50:07,309 INFO c.OtusPersonalInformation [main] Драйвер поднят
2021-07-02 20:50:11,916 INFO c.OtusPersonalInformation [main] Авторизация прошла успешно
2021-07-02 20:50:15,609 INFO c.OtusPersonalInformation [main] Переход в личный кабинет
2021-07-02 20:50:19,525 INFO c.OtusPersonalInformation [main] Внесенные изменения сохранены
2021-07-02 20:50:19,536 INFO c.OtusPersonalInformation [main] Драйвер поднят
2021-07-05 10:59:49,524 INFO c.OtusPersonalInformation [main] Драйвер поднят
2021-07-05 11:00:16,806 INFO c.OtusPersonalInformation [main] Авторизация прошла успешно
2021-07-05 11:00:52,541 INFO c.OtusPersonalInformation [main] Драйвер поднят
2021-07-05 11:01:08,594 INFO c.OtusPersonalInformation [main] Авторизация прошла успешно
2021-07-05 11:01:20,383 INFO c.OtusPersonalInformation [main] Переход в личный кабинет
2021-07-05 11:01:35,882 INFO c.OtusPersonalInformation [main] Внесенные изменения сохранены
2021-07-05 11:01:38,442 INFO c.OtusPersonalInformation [main] Драйвер поднят
2021-07-05 11:03:27,723 INFO c.OtusPersonalInformation [main] Драйвер поднят
2021-07-05 11:03:44,283 INFO c.OtusPersonalInformation [main] Авторизация прошла успешно
2021-07-05 11:03:55,752 INFO c.OtusPersonalInformation [main] Переход в личный кабинет
2021-07-05 11:04:09,476 INFO c.OtusPersonalInformation [main] Внесенные изменения сохранены
2021-07-05 11:04:11,233 INFO c.OtusPersonalInformation [main] Драйвер поднят
2021-07-05 11:05:37,536 INFO c.OtusPersonalInformation [main] Драйвер поднят
2021-07-05 11:05:55,769 INFO c.OtusPersonalInformation [main] Авторизация прошла успешно
2021-07-05 11:06:06,819 INFO c.OtusPersonalInformation [main] Переход в личный кабинет
2021-07-05 11:06:21,368 INFO c.OtusPersonalInformation [main] Внесенные изменения сохранены
2021-07-05 11:06:22,286 INFO c.OtusPersonalInformation [main] Драйвер поднят
2021-07-05 11:06:36,079 INFO c.OtusPersonalInformation [main] Авторизация прошла успешно
2021-07-05 11:06:47,460 INFO c.OtusPersonalInformation [main] Переход в личный кабинет
2021-07-05 11:40:08,795 INFO c.OtusPersonalInformation [main] Драйвер поднят
2021-07-05 11:40:13,325 INFO c.OtusPersonalInformation [main] Авторизация прошла успешно
2021-07-05 11:40:31,526 INFO c.OtusPersonalInformation [main] Переход в личный кабинет
2021-07-05 11:40:35,426 INFO c.OtusPersonalInformation [main] Внесенные изменения сохранены
2021-07-05 11:40:35,518 INFO c.OtusPersonalInformation [main] Драйвер поднят
2021-07-05 11:41:35,639 INFO c.OtusPersonalInformation [main] Драйвер поднят
2021-07-05 11:42:27,032 INFO c.OtusPersonalInformation [main] Драйвер поднят
2021-07-05 11:44:33,684 INFO c.OtusPersonalInformation [main] Драйвер поднят
2021-07-05 11:46:40,034 INFO c.OtusPersonalInformation [main] Драйвер поднят
2021-07-05 11:46:46,698 INFO c.OtusPersonalInformation [main] Авторизация прошла успешно
2021-07-05 11:47:07,734 INFO c.OtusPersonalInformation [main] Переход в личный кабинет
2021-07-05 11:47:12,486 INFO c.OtusPersonalInformation [main] Внесенные изменения сохранены
2021-07-05 11:47:12,603 INFO c.OtusPersonalInformation [main] Драйвер поднят
2021-07-05 11:47:16,195 INFO c.OtusPersonalInformation [main] Авторизация прошла успешно
2021-07-05 11:47:20,431 INFO c.OtusPersonalInformation [main] Переход в личный кабинет
2021-07-05 11:50:53,965 INFO c.OtusPersonalInformation [main] Драйвер поднят
2021-07-05 11:51:09,112 INFO c.OtusPersonalInformation [main] Авторизация прошла успешно
2021-07-05 11:51:13,622 INFO c.OtusPersonalInformation [main] Переход в личный кабинет
2021-07-05 11:51:20,999 INFO c.OtusPersonalInformation [main] Внесенные изменения сохранены
2021-07-05 11:51:21,110 INFO c.OtusPersonalInformation [main] Драйвер поднят
2021-07-05 11:52:00,168 INFO c.OtusPersonalInformation [main] Драйвер поднят
2021-07-05 11:52:03,965 INFO c.OtusPersonalInformation [main] Авторизация прошла успешно
2021-07-05 11:52:07,769 INFO c.OtusPersonalInformation [main] Переход в личный кабинет
2021-07-05 11:52:11,070 INFO c.OtusPersonalInformation [main] Внесенные изменения сохранены
2021-07-05 11:52:11,252 INFO c.OtusPersonalInformation [main] Драйвер поднят
2021-07-05 11:52:14,717 INFO c.OtusPersonalInformation [main] Авторизация прошла успешно
2021-07-05 11:52:32,502 INFO c.OtusPersonalInformation [main] Переход в личный кабинет
2021-07-05 11:52:54,627 INFO c.OtusPersonalInformation [main] Драйвер поднят
2021-07-05 11:52:59,146 INFO c.OtusPersonalInformation [main] Авторизация прошла успешно
2021-07-05 11:53:02,717 INFO c.OtusPersonalInformation [main] Переход в личный кабинет
2021-07-05 11:53:08,784 INFO c.OtusPersonalInformation [main] Внесенные изменения сохранены
2021-07-05 11:53:08,888 INFO c.OtusPersonalInformation [main] Драйвер поднят
2021-07-05 11:53:12,171 INFO c.OtusPersonalInformation [main] Авторизация прошла успешно
2021-07-05 11:53:26,865 INFO c.OtusPersonalInformation [main] Переход в личный кабинет
2021-07-05 12:04:53,011 INFO c.OtusPersonalInformation [main] Драйвер поднят
2021-07-05 12:05:22,485 INFO c.OtusPersonalInformation [main] Драйвер поднят
2021-07-05 12:05:28,833 INFO c.OtusPersonalInformation [main] Авторизация прошла успешно
2021-07-05 12:05:32,145 INFO c.OtusPersonalInformation [main] Переход в личный кабинет
2021-07-05 12:06:30,381 INFO c.OtusPersonalInformation [main] Драйвер поднят
2021-07-05 12:06:34,296 INFO c.OtusPersonalInformation [main] Авторизация прошла успешно
2021-07-05 12:06:37,931 INFO c.OtusPersonalInformation [main] Переход в личный кабинет
2021-07-05 12:06:41,768 INFO c.OtusPersonalInformation [main] Внесенные изменения сохранены
2021-07-05 12:06:41,848 INFO c.OtusPersonalInformation [main] Драйвер поднят
2021-07-05 12:06:44,889 INFO c.OtusPersonalInformation [main] Авторизация прошла успешно
2021-07-05 12:06:47,955 INFO c.OtusPersonalInformation [main] Переход в личный кабинет
2021-07-05 12:12:23,501 INFO c.OtusPersonalInformation [main] Драйвер поднят
2021-07-05 12:12:27,622 INFO c.OtusPersonalInformation [main] Авторизация прошла успешно
2021-07-05 12:12:30,624 INFO c.OtusPersonalInformation [main] Переход в личный кабинет
2021-07-05 12:12:33,970 INFO c.OtusPersonalInformation [main] Внесенные изменения сохранены
2021-07-05 12:12:34,068 INFO c.OtusPersonalInformation [main] Драйвер поднят
2021-07-05 12:12:36,919 INFO c.OtusPersonalInformation [main] Авторизация прошла успешно
2021-07-05 12:12:39,603 INFO c.OtusPersonalInformation [main] Переход в личный кабинет
2021-07-05 12:22:46,459 INFO c.OtusPersonalInformation [main] Драйвер поднят
2021-07-05 12:22:50,890 INFO c.OtusPersonalInformation [main] Авторизация прошла успешно
2021-07-05 12:22:55,211 INFO c.OtusPersonalInformation [main] Переход в личный кабинет
2021-07-05 12:22:59,577 INFO c.OtusPersonalInformation [main] Внесенные изменения сохранены
2021-07-05 12:22:59,682 INFO c.OtusPersonalInformation [main] Драйвер поднят
2021-07-05 12:23:04,448 INFO c.OtusPersonalInformation [main] Авторизация прошла успешно
2021-07-05 12:23:08,134 INFO c.OtusPersonalInformation [main] Переход в личный кабинет
2021-07-05 12:25:24,987 INFO c.OtusPersonalInformation [main] Драйвер поднят
2021-07-05 12:25:29,786 INFO c.OtusPersonalInformation [main] Авторизация прошла успешно
2021-07-05 12:25:33,921 INFO c.OtusPersonalInformation [main] Переход в личный кабинет
2021-07-05 12:25:36,067 INFO p.PersonalPage [main] 
2021-07-05 12:25:38,328 INFO c.OtusPersonalInformation [main] Внесенные изменения сохранены
2021-07-05 12:25:38,436 INFO c.OtusPersonalInformation [main] Драйвер поднят
2021-07-05 12:25:42,434 INFO c.OtusPersonalInformation [main] Авторизация прошла успешно
2021-07-05 12:25:46,260 INFO c.OtusPersonalInformation [main] Переход в личный кабинет
2021-07-05 12:27:00,588 INFO c.OtusPersonalInformation [main] Драйвер поднят
2021-07-05 12:27:05,410 INFO c.OtusPersonalInformation [main] Авторизация прошла успешно
2021-07-05 12:27:09,543 INFO c.OtusPersonalInformation [main] Переход в личный кабинет
2021-07-05 12:27:11,629 INFO p.PersonalPage [main] Kseniya
2021-07-05 12:27:13,707 INFO c.OtusPersonalInformation [main] Внесенные изменения сохранены
2021-07-05 12:27:13,813 INFO c.OtusPersonalInformation [main] Драйвер поднят
2021-07-05 12:27:17,626 INFO c.OtusPersonalInformation [main] Авторизация прошла успешно
2021-07-05 12:27:22,343 INFO c.OtusPersonalInformation [main] Переход в личный кабинет
2021-07-05 12:30:41,720 INFO c.OtusPersonalInformation [main] Драйвер поднят
2021-07-05 12:30:46,031 INFO c.OtusPersonalInformation [main] Авторизация прошла успешно
2021-07-05 12:30:49,892 INFO c.OtusPersonalInformation [main] Переход в личный кабинет
2021-07-05 12:30:53,905 INFO c.OtusPersonalInformation [main] Внесенные изменения сохранены
2021-07-05 12:30:54,061 INFO c.OtusPersonalInformation [main] Драйвер поднят
2021-07-05 12:30:58,691 INFO c.OtusPersonalInformation [main] Авторизация прошла успешно
2021-07-05 12:31:02,339 INFO c.OtusPersonalInformation [main] Переход в личный кабинет
2021-07-05 12:33:29,217 INFO c.OtusPersonalInformation [main] Драйвер поднят
2021-07-05 12:33:33,713 INFO c.OtusPersonalInformation [main] Авторизация прошла успешно
2021-07-05 12:33:38,491 INFO c.OtusPersonalInformation [main] Переход в личный кабинет
2021-07-05 12:33:42,671 INFO c.OtusPersonalInformation [main] Внесенные изменения сохранены
2021-07-05 12:33:42,837 INFO c.OtusPersonalInformation [main] Драйвер поднят
2021-07-05 12:33:45,588 INFO c.OtusPersonalInformation [main] Авторизация прошла успешно
2021-07-05 12:33:48,749 INFO c.OtusPersonalInformation [main] Переход в личный кабинет
2021-07-05 16:06:02,121 INFO c.OtusPersonalInformation [main] Драйвер поднят
2021-07-05 16:06:07,175 INFO c.OtusPersonalInformation [main] Авторизация прошла успешно
2021-07-05 16:06:11,635 INFO c.OtusPersonalInformation [main] Переход в личный кабинет
2021-07-05 16:06:52,274 INFO c.OtusPersonalInformation [main] Драйвер поднят
2021-07-05 16:06:57,932 INFO c.OtusPersonalInformation [main] Авторизация прошла успешно
2021-07-05 16:07:01,995 INFO c.OtusPersonalInformation [main] Переход в личный кабинет
2021-07-05 16:07:21,972 INFO c.OtusPersonalInformation [main] Драйвер поднят
2021-07-05 16:07:26,729 INFO c.OtusPersonalInformation [main] Авторизация прошла успешно
2021-07-05 16:07:31,194 INFO c.OtusPersonalInformation [main] Переход в личный кабинет
2021-07-05 16:09:56,798 INFO c.OtusPersonalInformation [main] Драйвер поднят
2021-07-05 16:10:03,340 INFO c.OtusPersonalInformation [main] Авторизация прошла успешно
2021-07-05 16:10:08,452 INFO c.OtusPersonalInformation [main] Переход в личный кабинет
2021-07-05 16:14:57,913 INFO c.OtusPersonalInformation [main] Драйвер поднят
2021-07-05 16:15:26,159 INFO c.OtusPersonalInformation [main] Драйвер поднят
2021-07-05 16:15:43,628 INFO c.OtusPersonalInformation [main] Авторизация прошла успешно
2021-07-05 16:15:54,223 INFO c.OtusPersonalInformation [main] Переход в личный кабинет
2021-07-05 16:18:40,002 INFO c.OtusPersonalInformation [main] Драйвер поднят
2021-07-05 16:18:59,043 INFO c.OtusPersonalInformation [main] Авторизация прошла успешно
2021-07-05 16:19:10,998 INFO c.OtusPersonalInformation [main] Переход в личный кабинет
2021-07-05 16:21:11,883 INFO c.OtusPersonalInformation [main] Драйвер поднят
2021-07-05 16:21:29,565 INFO c.OtusPersonalInformation [main] Авторизация прошла успешно
2021-07-05 16:21:40,731 INFO c.OtusPersonalInformation [main] Переход в личный кабинет
2021-07-05 16:23:27,546 INFO c.OtusPersonalInformation [main] Драйвер поднят
2021-07-05 16:23:46,163 INFO c.OtusPersonalInformation [main] Авторизация прошла успешно
2021-07-05 16:23:54,891 INFO c.OtusPersonalInformation [main] Переход в личный кабинет
2021-07-05 20:43:57,891 INFO c.OtusPersonalInformation [main] Драйвер поднят
2021-07-05 20:44:02,783 INFO c.OtusPersonalInformation [main] Авторизация прошла успешно
2021-07-05 20:44:07,054 INFO c.OtusPersonalInformation [main] Переход в личный кабинет
2021-07-05 20:44:09,287 INFO p.PersonalPage [main] VK
2021-07-05 20:44:10,974 INFO c.OtusPersonalInformation [main] Внесенные изменения сохранены
2021-07-05 20:44:11,084 INFO c.OtusPersonalInformation [main] Драйвер поднят
2021-07-05 20:44:15,235 INFO c.OtusPersonalInformation [main] Авторизация прошла успешно
2021-07-05 20:44:19,446 INFO c.OtusPersonalInformation [main] Переход в личный кабинет
2021-07-05 20:45:04,372 INFO c.OtusPersonalInformation [main] Драйвер поднят
2021-07-05 20:45:09,511 INFO c.OtusPersonalInformation [main] Авторизация прошла успешно
2021-07-05 20:45:14,517 INFO c.OtusPersonalInformation [main] Переход в личный кабинет
2021-07-05 20:45:16,716 INFO p.PersonalPage [main] VK
2021-07-05 20:45:18,711 INFO c.OtusPersonalInformation [main] Внесенные изменения сохранены
2021-07-05 20:45:18,845 INFO c.OtusPersonalInformation [main] Драйвер поднят
2021-07-05 20:45:22,021 INFO c.OtusPersonalInformation [main] Авторизация прошла успешно
2021-07-05 20:45:25,827 INFO c.OtusPersonalInformation [main] Переход в личный кабинет
2021-07-05 20:51:45,883 INFO c.OtusPersonalInformation [main] Драйвер поднят
2021-07-05 20:51:50,224 INFO c.OtusPersonalInformation [main] Авторизация прошла успешно
2021-07-05 20:51:56,183 INFO c.OtusPersonalInformation [main] Переход в личный кабинет
2021-07-05 20:53:30,112 INFO c.OtusPersonalInformation [main] Драйвер поднят
2021-07-05 20:53:34,479 INFO c.OtusPersonalInformation [main] Авторизация прошла успешно
2021-07-05 20:53:38,924 INFO c.OtusPersonalInformation [main] Переход в личный кабинет
2021-07-05 20:53:59,816 INFO p.PersonalPage [main] VK
2021-07-05 20:53:59,823 INFO p.PersonalPage [main] Telegram
2021-07-05 20:54:01,844 INFO c.OtusPersonalInformation [main] Внесенные изменения сохранены
2021-07-05 20:54:01,977 INFO c.OtusPersonalInformation [main] Драйвер поднят
2021-07-05 20:54:05,473 INFO c.OtusPersonalInformation [main] Авторизация прошла успешно
2021-07-05 20:54:09,759 INFO c.OtusPersonalInformation [main] Переход в личный кабинет
2021-07-05 20:54:39,027 INFO c.OtusPersonalInformation [main] Драйвер поднят
2021-07-05 20:54:43,202 INFO c.OtusPersonalInformation [main] Авторизация прошла успешно
2021-07-05 20:54:48,417 INFO c.OtusPersonalInformation [main] Переход в личный кабинет
2021-07-05 20:55:00,138 INFO p.PersonalPage [main] VK
2021-07-05 20:55:00,146 INFO p.PersonalPage [main] Telegram
2021-07-05 20:55:02,126 INFO c.OtusPersonalInformation [main] Внесенные изменения сохранены
2021-07-05 20:55:02,216 INFO c.OtusPersonalInformation [main] Драйвер поднят
2021-07-05 20:55:06,028 INFO c.OtusPersonalInformation [main] Авторизация прошла успешно
2021-07-05 20:55:09,568 INFO c.OtusPersonalInformation [main] Переход в личный кабинет
2021-07-05 20:55:30,222 INFO c.OtusPersonalInformation [main] Драйвер поднят
2021-07-05 20:55:34,398 INFO c.OtusPersonalInformation [main] Авторизация прошла успешно
2021-07-05 20:55:38,978 INFO c.OtusPersonalInformation [main] Переход в личный кабинет
2021-07-05 20:57:54,406 INFO c.OtusPersonalInformation [main] Драйвер поднят
2021-07-05 20:57:59,428 INFO c.OtusPersonalInformation [main] Авторизация прошла успешно
2021-07-05 20:58:04,057 INFO c.OtusPersonalInformation [main] Переход в личный кабинет
2021-07-05 20:58:56,736 INFO c.OtusPersonalInformation [main] Драйвер поднят
2021-07-05 20:59:01,192 INFO c.OtusPersonalInformation [main] Авторизация прошла успешно
2021-07-05 20:59:06,643 INFO c.OtusPersonalInformation [main] Переход в личный кабинет
2021-07-05 21:01:33,070 INFO c.OtusPersonalInformation [main] Драйвер поднят
2021-07-05 21:01:36,804 INFO c.OtusPersonalInformation [main] Авторизация прошла успешно
2021-07-05 21:01:42,090 INFO c.OtusPersonalInformation [main] Переход в личный кабинет
2021-07-05 21:01:49,301 INFO p.PersonalPage [main] VK
2021-07-05 21:01:49,309 INFO p.PersonalPage [main] Telegram
2021-07-05 21:01:51,457 INFO c.OtusPersonalInformation [main] Внесенные изменения сохранены
2021-07-05 21:01:51,541 INFO c.OtusPersonalInformation [main] Драйвер поднят
2021-07-05 21:01:55,671 INFO c.OtusPersonalInformation [main] Авторизация прошла успешно
2021-07-05 21:01:59,030 INFO c.OtusPersonalInformation [main] Переход в личный кабинет
2021-07-05 21:02:41,728 INFO c.OtusPersonalInformation [main] Драйвер поднят
2021-07-05 21:02:46,314 INFO c.OtusPersonalInformation [main] Авторизация прошла успешно
2021-07-05 21:02:49,882 INFO c.OtusPersonalInformation [main] Переход в личный кабинет
2021-07-05 21:03:00,847 INFO p.PersonalPage [main] VK
2021-07-05 21:03:00,855 INFO p.PersonalPage [main] Telegram
2021-07-05 21:03:03,328 INFO c.OtusPersonalInformation [main] Внесенные изменения сохранены
2021-07-05 21:03:03,425 INFO c.OtusPersonalInformation [main] Драйвер поднят
2021-07-05 21:03:06,776 INFO c.OtusPersonalInformation [main] Авторизация прошла успешно
2021-07-05 21:03:10,859 INFO c.OtusPersonalInformation [main] Переход в личный кабинет
2021-07-05 21:16:03,718 INFO c.OtusPersonalInformation [main] Драйвер поднят
2021-07-05 21:16:11,005 INFO c.OtusPersonalInformation [main] Авторизация прошла успешно
2021-07-05 21:16:16,074 INFO c.OtusPersonalInformation [main] Переход в личный кабинет
2021-07-05 21:16:18,354 INFO p.PersonalPage [main] VK
2021-07-05 21:16:18,354 INFO p.PersonalPage [main] Telegram
2021-07-05 21:16:21,802 INFO c.OtusPersonalInformation [main] Внесенные изменения сохранены
2021-07-05 21:16:21,914 INFO c.OtusPersonalInformation [main] Драйвер поднят
2021-07-05 21:16:25,472 INFO c.OtusPersonalInformation [main] Авторизация прошла успешно
2021-07-05 21:16:30,090 INFO c.OtusPersonalInformation [main] Переход в личный кабинет
2021-07-05 21:29:40,871 INFO c.OtusPersonalInformation [main] Драйвер поднят
2021-07-05 21:29:45,955 INFO c.OtusPersonalInformation [main] Авторизация прошла успешно
2021-07-05 21:29:50,911 INFO c.OtusPersonalInformation [main] Переход в личный кабинет
2021-07-05 21:29:54,825 INFO c.OtusPersonalInformation [main] Внесенные изменения сохранены
2021-07-05 21:29:54,932 INFO c.OtusPersonalInformation [main] Драйвер поднят
2021-07-05 21:29:58,266 INFO c.OtusPersonalInformation [main] Авторизация прошла успешно
2021-07-05 21:30:02,104 INFO c.OtusPersonalInformation [main] Переход в личный кабинет
2021-07-05 21:36:13,980 INFO c.OtusPersonalInformation [main] Драйвер поднят
2021-07-05 21:36:19,223 INFO c.OtusPersonalInformation [main] Авторизация прошла успешно
2021-07-05 21:36:23,449 INFO c.OtusPersonalInformation [main] Переход в личный кабинет
2021-07-05 21:36:27,568 INFO c.OtusPersonalInformation [main] Внесенные изменения сохранены
2021-07-05 21:36:27,705 INFO c.OtusPersonalInformation [main] Драйвер поднят
2021-07-05 21:36:31,183 INFO c.OtusPersonalInformation [main] Авторизация прошла успешно
2021-07-05 21:36:35,096 INFO c.OtusPersonalInformation [main] Переход в личный кабинет
2021-07-05 21:37:55,729 INFO c.OtusPersonalInformation [main] Драйвер поднят
2021-07-05 21:38:00,531 INFO c.OtusPersonalInformation [main] Авторизация прошла успешно
2021-07-05 21:38:06,880 INFO c.OtusPersonalInformation [main] Переход в личный кабинет
2021-07-05 21:38:11,956 INFO c.OtusPersonalInformation [main] Внесенные изменения сохранены
2021-07-05 21:38:12,041 INFO c.OtusPersonalInformation [main] Драйвер поднят
2021-07-05 21:38:16,127 INFO c.OtusPersonalInformation [main] Авторизация прошла успешно
2021-07-05 21:38:19,873 INFO c.OtusPersonalInformation [main] Переход в личный кабинет
2021-07-05 21:38:48,784 INFO c.OtusPersonalInformation [main] Драйвер поднят
2021-07-05 21:38:53,530 INFO c.OtusPersonalInformation [main] Авторизация прошла успешно
2021-07-05 21:38:58,530 INFO c.OtusPersonalInformation [main] Переход в личный кабинет
2021-07-05 21:39:03,919 INFO c.OtusPersonalInformation [main] Внесенные изменения сохранены
2021-07-05 21:39:04,061 INFO c.OtusPersonalInformation [main] Драйвер поднят
2021-07-05 21:39:07,717 INFO c.OtusPersonalInformation [main] Авторизация прошла успешно
2021-07-05 21:39:13,084 INFO c.OtusPersonalInformation [main] Переход в личный кабинет
